INFO: [VRFC 10-2263] Analyzing SystemVerilog file "F:/lession/TapVivado/RSIC_V/RSIC_V.srcs/sources_1/dut/ALU.sv" into library xil_defaultlib
INFO: [VRFC 10-311] analyzing module ALU
INFO: [VRFC 10-2263] Analyzing SystemVerilog file "F:/lession/TapVivado/RSIC_V/RSIC_V.srcs/sources_1/dut/ALUcontrol.sv" into library xil_defaultlib
INFO: [VRFC 10-311] analyzing module ALUcontrol
INFO: [VRFC 10-2263] Analyzing SystemVerilog file "F:/lession/TapVivado/RSIC_V/RSIC_V.srcs/sources_1/dut/Adder4.sv" into library xil_defaultlib
INFO: [VRFC 10-311] analyzing module Adder4
INFO: [VRFC 10-2263] Analyzing SystemVerilog file "F:/lession/TapVivado/RSIC_V/RSIC_V.srcs/sources_1/dut/BranchComparasion.sv" into library xil_defaultlib
INFO: [VRFC 10-311] analyzing module BranchComparasion
INFO: [VRFC 10-2263] Analyzing SystemVerilog file "F:/lession/TapVivado/RSIC_V/RSIC_V.srcs/sources_1/dut/BranchControl.sv" into library xil_defaultlib
INFO: [VRFC 10-311] analyzing module BranchControl
INFO: [VRFC 10-2263] Analyzing SystemVerilog file "F:/lession/TapVivado/RSIC_V/RSIC_V.srcs/sources_1/dut/ControlUnit.sv" into library xil_defaultlib
INFO: [VRFC 10-311] analyzing module ControlUnit
INFO: [VRFC 10-2263] Analyzing SystemVerilog file "F:/lession/TapVivado/RSIC_V/RSIC_V.srcs/sources_1/pipeline/Control_EX_MEM.sv" into library xil_defaultlib
INFO: [VRFC 10-311] analyzing module Control_EX_MEM
INFO: [VRFC 10-2263] Analyzing SystemVerilog file "F:/lession/TapVivado/RSIC_V/RSIC_V.srcs/sources_1/pipeline/Control_ID_EX.sv" into library xil_defaultlib
INFO: [VRFC 10-311] analyzing module Control_ID_EX
INFO: [VRFC 10-2263] Analyzing SystemVerilog file "F:/lession/TapVivado/RSIC_V/RSIC_V.srcs/sources_1/pipeline/Control_MEM_WB.sv" into library xil_defaultlib
INFO: [VRFC 10-311] analyzing module Control_MEM_WB
INFO: [VRFC 10-2263] Analyzing SystemVerilog file "F:/lession/TapVivado/RSIC_V/RSIC_V.srcs/sources_1/dut/DUT.sv" into library xil_defaultlib
INFO: [VRFC 10-311] analyzing module DUT
INFO: [VRFC 10-2263] Analyzing SystemVerilog file "F:/lession/TapVivado/RSIC_V/RSIC_V.srcs/sources_1/dut/DataMemory.sv" into library xil_defaultlib
INFO: [VRFC 10-311] analyzing module DataMemory
INFO: [VRFC 10-2263] Analyzing SystemVerilog file "F:/lession/TapVivado/RSIC_V/RSIC_V.srcs/sources_1/dut/Datapath.sv" into library xil_defaultlib
INFO: [VRFC 10-311] analyzing module Datapath
INFO: [VRFC 10-2263] Analyzing SystemVerilog file "F:/lession/TapVivado/RSIC_V/RSIC_V.srcs/sources_1/pipeline/EX_MEM.sv" into library xil_defaultlib
INFO: [VRFC 10-311] analyzing module EX_MEM
INFO: [VRFC 10-2263] Analyzing SystemVerilog file "F:/lession/TapVivado/RSIC_V/RSIC_V.srcs/sources_1/pipeline/ForwardingUnit.sv" into library xil_defaultlib
INFO: [VRFC 10-311] analyzing module ForwardingUnit
INFO: [VRFC 10-2263] Analyzing SystemVerilog file "F:/lession/TapVivado/RSIC_V/RSIC_V.srcs/sources_1/pipeline/HazardUnit.sv" into library xil_defaultlib
INFO: [VRFC 10-311] analyzing module HazardUnit
INFO: [VRFC 10-2263] Analyzing SystemVerilog file "F:/lession/TapVivado/RSIC_V/RSIC_V.srcs/sources_1/pipeline/ID_EX.sv" into library xil_defaultlib
INFO: [VRFC 10-311] analyzing module ID_EX
INFO: [VRFC 10-2263] Analyzing SystemVerilog file "F:/lession/TapVivado/RSIC_V/RSIC_V.srcs/sources_1/pipeline/IF_ID.sv" into library xil_defaultlib
INFO: [VRFC 10-311] analyzing module IF_ID
INFO: [VRFC 10-2263] Analyzing SystemVerilog file "F:/lession/TapVivado/RSIC_V/RSIC_V.srcs/sources_1/dut/ImmGen.sv" into library xil_defaultlib
INFO: [VRFC 10-311] analyzing module ImmGen
INFO: [VRFC 10-2263] Analyzing SystemVerilog file "F:/lession/TapVivado/RSIC_V/RSIC_V.srcs/sources_1/dut/InstrcutionMemory.sv" into library xil_defaultlib
INFO: [VRFC 10-311] analyzing module InstructionMemory
INFO: [VRFC 10-2263] Analyzing SystemVerilog file "F:/lession/TapVivado/RSIC_V/RSIC_V.srcs/sources_1/pipeline/MEM_WB.sv" into library xil_defaultlib
INFO: [VRFC 10-311] analyzing module MEM_WB
INFO: [VRFC 10-2263] Analyzing SystemVerilog file "F:/lession/TapVivado/RSIC_V/RSIC_V.srcs/sources_1/dut/Mux2.sv" into library xil_defaultlib
INFO: [VRFC 10-311] analyzing module Mux2
INFO: [VRFC 10-2263] Analyzing SystemVerilog file "F:/lession/TapVivado/RSIC_V/RSIC_V.srcs/sources_1/dut/Mux3.sv" into library xil_defaultlib
INFO: [VRFC 10-311] analyzing module Mux3
INFO: [VRFC 10-2263] Analyzing SystemVerilog file "F:/lession/TapVivado/RSIC_V/RSIC_V.srcs/sources_1/dut/ProgramCounter.sv" into library xil_defaultlib
INFO: [VRFC 10-311] analyzing module ProgramCounter
INFO: [VRFC 10-2263] Analyzing SystemVerilog file "F:/lession/TapVivado/RSIC_V/RSIC_V.srcs/sources_1/dut/RegisterFile.sv" into library xil_defaultlib
INFO: [VRFC 10-311] analyzing module RegisterFile
INFO: [VRFC 10-2263] Analyzing SystemVerilog file "F:/lession/TapVivado/RSIC_V/RSIC_V.srcs/sources_1/testbench/Testbench.sv" into library xil_defaultlib
INFO: [VRFC 10-311] analyzing module TopTest
